TN:
SF:src\components\app\app.tsx
FN:32,(anonymous_1)
FN:38,(anonymous_2)
FN:42,(anonymous_3)
FNF:3
FNH:0
FNDA:0,(anonymous_1)
FNDA:0,(anonymous_2)
FNDA:0,(anonymous_3)
DA:1,0
DA:8,0
DA:9,0
DA:10,0
DA:11,0
DA:12,0
DA:13,0
DA:14,0
DA:15,0
DA:17,0
DA:18,0
DA:19,0
DA:20,0
DA:21,0
DA:22,0
DA:23,0
DA:24,0
DA:26,0
DA:27,0
DA:28,0
DA:30,0
DA:32,0
DA:33,0
DA:34,0
DA:35,0
DA:36,0
DA:38,0
DA:39,0
DA:42,0
DA:43,0
DA:44,0
DA:47,0
DA:161,0
LF:33
LH:0
BRDA:36,0,0,0
BRDA:36,0,1,0
BRDA:36,1,0,0
BRDA:36,1,1,0
BRDA:39,2,0,0
BRDA:39,2,1,0
BRDA:39,3,0,0
BRDA:39,3,1,0
BRDA:39,4,0,0
BRDA:39,4,1,0
BRDA:51,5,0,0
BRDA:51,5,1,0
BRDA:125,6,0,0
BRDA:125,6,1,0
BRF:14
BRH:0
end_of_record
TN:
SF:src\components\app-header\app-header.tsx
FN:7,(anonymous_0)
FN:10,(anonymous_1)
FN:12,(anonymous_2)
FN:16,(anonymous_3)
FN:20,(anonymous_4)
FN:28,(anonymous_5)
FN:31,(anonymous_6)
FN:34,(anonymous_7)
FNF:8
FNH:0
FNDA:0,(anonymous_0)
FNDA:0,(anonymous_1)
FNDA:0,(anonymous_2)
FNDA:0,(anonymous_3)
FNDA:0,(anonymous_4)
FNDA:0,(anonymous_5)
FNDA:0,(anonymous_6)
FNDA:0,(anonymous_7)
DA:2,0
DA:3,0
DA:4,0
DA:5,0
DA:7,0
DA:8,0
DA:9,0
DA:10,0
DA:12,0
DA:13,0
DA:16,0
DA:17,0
DA:20,0
DA:21,0
DA:22,0
DA:23,0
DA:25,0
DA:28,0
DA:29,0
DA:32,0
DA:35,0
DA:39,0
DA:50,0
LF:23
LH:0
BRDA:10,0,0,0
BRDA:10,0,1,0
BRDA:10,1,0,0
BRDA:10,1,1,0
BRDA:21,2,0,0
BRDA:41,3,0,0
BRDA:41,3,1,0
BRF:7
BRH:0
end_of_record
TN:
SF:src\components\burger-constructor\burger-constructor.tsx
FN:13,(anonymous_1)
FN:17,(anonymous_2)
FN:22,(anonymous_3)
FN:23,(anonymous_4)
FN:25,(anonymous_5)
FN:36,(anonymous_6)
FN:43,(anonymous_7)
FN:59,(anonymous_8)
FN:63,(anonymous_9)
FN:68,(anonymous_10)
FN:73,(anonymous_11)
FN:76,(anonymous_12)
FNF:12
FNH:0
FNDA:0,(anonymous_1)
FNDA:0,(anonymous_2)
FNDA:0,(anonymous_3)
FNDA:0,(anonymous_4)
FNDA:0,(anonymous_5)
FNDA:0,(anonymous_6)
FNDA:0,(anonymous_7)
FNDA:0,(anonymous_8)
FNDA:0,(anonymous_9)
FNDA:0,(anonymous_10)
FNDA:0,(anonymous_11)
FNDA:0,(anonymous_12)
DA:1,0
DA:3,0
DA:4,0
DA:5,0
DA:6,0
DA:7,0
DA:8,0
DA:13,0
DA:14,0
DA:15,0
DA:17,0
DA:19,0
DA:20,0
DA:21,0
DA:22,0
DA:23,0
DA:25,0
DA:26,0
DA:28,0
DA:29,0
DA:30,0
DA:33,0
DA:36,0
DA:41,0
DA:44,0
DA:46,0
DA:47,0
DA:57,0
DA:59,0
DA:60,0
DA:64,0
DA:68,0
DA:69,0
DA:72,0
DA:74,0
DA:76,0
DA:82,0
DA:84,0
LF:38
LH:0
BRDA:23,0,0,0
BRDA:23,0,1,0
BRDA:23,1,0,0
BRDA:23,1,1,0
BRDA:26,2,0,0
BRDA:26,3,0,0
BRDA:26,3,1,0
BRDA:28,4,0,0
BRDA:51,5,0,0
BRDA:51,5,1,0
BRDA:54,6,0,0
BRDA:54,6,1,0
BRDA:74,7,0,0
BRDA:74,7,1,0
BRDA:82,8,0,0
BRDA:82,8,1,0
BRF:16
BRH:0
end_of_record
TN:
SF:src\components\burger-constructor-element\burger-constructor-element.tsx
FN:11,(anonymous_0)
FN:14,(anonymous_1)
FN:25,(anonymous_2)
FN:36,(anonymous_3)
FNF:4
FNH:0
FNDA:0,(anonymous_0)
FNDA:0,(anonymous_1)
FNDA:0,(anonymous_2)
FNDA:0,(anonymous_3)
DA:1,0
DA:2,0
DA:4,0
DA:5,0
DA:10,0
DA:11,0
DA:12,0
DA:14,0
DA:15,0
DA:16,0
DA:25,0
DA:26,0
DA:27,0
DA:36,0
DA:37,0
DA:40,0
LF:16
LH:0
BRDA:15,0,0,0
BRDA:26,1,0,0
BRF:2
BRH:0
end_of_record
TN:
SF:src\components\burger-ingredient\burger-ingredient.tsx
FN:12,(anonymous_0)
FN:18,(anonymous_1)
FN:24,(anonymous_2)
FNF:3
FNH:0
FNDA:0,(anonymous_0)
FNDA:0,(anonymous_1)
FNDA:0,(anonymous_2)
DA:2,0
DA:12,0
DA:13,0
DA:14,0
DA:15,0
DA:16,0
DA:18,0
DA:19,0
DA:20,0
DA:24,0
DA:25,0
DA:26,0
DA:30,0
DA:32,0
LF:14
LH:0
BRDA:19,0,0,0
BRDA:25,1,0,0
BRF:2
BRH:0
end_of_record
TN:
SF:src\components\burger-ingredients\burger-ingredients.tsx
FN:19,(anonymous_0)
FN:38,(anonymous_1)
FN:48,(anonymous_2)
FN:59,(anonymous_3)
FN:66,(anonymous_4)
FNF:5
FNH:0
FNDA:0,(anonymous_0)
FNDA:0,(anonymous_1)
FNDA:0,(anonymous_2)
FNDA:0,(anonymous_3)
FNDA:0,(anonymous_4)
DA:1,0
DA:2,0
DA:3,0
DA:4,0
DA:6,0
DA:7,0
DA:14,0
DA:19,0
DA:20,0
DA:21,0
DA:23,0
DA:24,0
DA:25,0
DA:26,0
DA:27,0
DA:29,0
DA:30,0
DA:31,0
DA:32,0
DA:34,0
DA:35,0
DA:36,0
DA:38,0
DA:39,0
DA:40,0
DA:41,0
DA:42,0
DA:43,0
DA:44,0
DA:48,0
DA:49,0
DA:50,0
DA:55,0
DA:56,0
DA:59,0
DA:60,0
DA:61,0
DA:66,0
DA:67,0
DA:68,0
DA:70,0
DA:74,0
DA:75,0
DA:78,0
DA:79,0
DA:82,0
LF:46
LH:0
BRDA:39,0,0,0
BRDA:39,0,1,0
BRDA:41,1,0,0
BRDA:41,1,1,0
BRDA:43,2,0,0
BRDA:56,3,0,0
BRDA:56,3,1,0
BRDA:56,4,0,0
BRDA:56,4,1,0
BRDA:67,5,0,0
BRDA:67,5,1,0
BRDA:74,6,0,0
BRDA:78,7,0,0
BRF:13
BRH:0
end_of_record
TN:
SF:src\components\feed-info\feed-info.tsx
FN:5,(anonymous_0)
FN:7,(anonymous_1)
FN:8,(anonymous_2)
FN:17,(anonymous_3)
FNF:4
FNH:0
FNDA:0,(anonymous_0)
FNDA:0,(anonymous_1)
FNDA:0,(anonymous_2)
FNDA:0,(anonymous_3)
DA:3,0
DA:5,0
DA:6,0
DA:7,0
DA:8,0
DA:17,0
DA:18,0
DA:19,0
DA:21,0
LF:9
LH:0
BRF:0
BRH:0
end_of_record
TN:
SF:src\components\ingredient-details\ingredient-details.tsx
FN:12,(anonymous_0)
FN:18,(anonymous_1)
FN:19,(anonymous_2)
FN:21,(anonymous_3)
FN:28,(anonymous_4)
FN:31,(anonymous_5)
FNF:6
FNH:0
FNDA:0,(anonymous_0)
FNDA:0,(anonymous_1)
FNDA:0,(anonymous_2)
FNDA:0,(anonymous_3)
FNDA:0,(anonymous_4)
FNDA:0,(anonymous_5)
DA:1,0
DA:2,0
DA:3,0
DA:4,0
DA:5,0
DA:6,0
DA:10,0
DA:12,0
DA:13,0
DA:14,0
DA:15,0
DA:16,0
DA:18,0
DA:19,0
DA:21,0
DA:22,0
DA:23,0
DA:27,0
DA:28,0
DA:31,0
DA:32,0
DA:34,0
DA:35,0
DA:37,0
DA:40,0
DA:41,0
DA:43,0
DA:47,0
DA:48,0
DA:51,0
LF:30
LH:0
BRDA:22,0,0,0
BRDA:22,1,0,0
BRDA:22,1,1,0
BRDA:32,2,0,0
BRDA:34,3,0,0
BRDA:34,3,1,0
BRDA:40,4,0,0
BRDA:40,4,1,0
BRDA:40,5,0,0
BRDA:40,5,1,0
BRDA:40,6,0,0
BRDA:40,6,1,0
BRDA:47,7,0,0
BRDA:47,8,0,0
BRDA:47,8,1,0
BRF:15
BRH:0
end_of_record
TN:
SF:src\components\ingredients-category\ingredients-category.tsx
FN:11,(anonymous_0)
FN:15,(anonymous_1)
FN:17,(anonymous_2)
FN:21,(anonymous_3)
FNF:4
FNH:0
FNDA:0,(anonymous_0)
FNDA:0,(anonymous_1)
FNDA:0,(anonymous_2)
FNDA:0,(anonymous_3)
DA:1,0
DA:4,0
DA:5,0
DA:7,0
DA:12,0
DA:15,0
DA:17,0
DA:18,0
DA:19,0
DA:21,0
DA:22,0
DA:23,0
DA:26,0
DA:27,0
DA:30,0
LF:15
LH:0
BRDA:22,0,0,0
BRDA:26,1,0,0
BRF:2
BRH:0
end_of_record
TN:
SF:src\components\modal\modal.tsx
FN:9,(anonymous_1)
FN:10,(anonymous_2)
FN:11,(anonymous_3)
FN:16,(anonymous_4)
FNF:4
FNH:0
FNDA:0,(anonymous_1)
FNDA:0,(anonymous_2)
FNDA:0,(anonymous_3)
FNDA:0,(anonymous_4)
DA:1,0
DA:2,0
DA:5,0
DA:7,0
DA:9,0
DA:10,0
DA:11,0
DA:12,0
DA:15,0
DA:16,0
DA:17,0
DA:21,0
LF:12
LH:0
BRDA:12,0,0,0
BRDA:12,0,1,0
BRF:2
BRH:0
end_of_record
TN:
SF:src\components\order-card\order-card.tsx
FN:10,(anonymous_3)
FN:14,(anonymous_4)
FN:16,(anonymous_5)
FN:28,(anonymous_6)
FN:34,(anonymous_7)
FN:35,(anonymous_8)
FN:45,(anonymous_9)
FNF:7
FNH:0
FNDA:0,(anonymous_3)
FNDA:0,(anonymous_4)
FNDA:0,(anonymous_5)
FNDA:0,(anonymous_6)
FNDA:0,(anonymous_7)
FNDA:0,(anonymous_8)
FNDA:0,(anonymous_9)
DA:1,0
DA:2,0
DA:3,0
DA:6,0
DA:8,0
DA:10,0
DA:11,0
DA:12,0
DA:14,0
DA:16,0
DA:17,0
DA:18,0
DA:21,0
DA:22,0
DA:28,0
DA:29,0
DA:30,0
DA:33,0
DA:35,0
DA:36,0
DA:41,0
DA:42,0
DA:45,0
DA:46,0
DA:48,0
DA:51,0
DA:53,0
DA:63,0
DA:64,0
DA:95,0
LF:30
LH:0
BRDA:17,0,0,0
BRDA:17,0,1,0
BRDA:21,1,0,0
BRDA:29,2,0,0
BRDA:29,3,0,0
BRDA:29,3,1,0
BRDA:36,4,0,0
BRDA:36,4,1,0
BRDA:41,5,0,0
BRDA:48,6,0,0
BRDA:48,6,1,0
BRDA:63,7,0,0
BRDA:85,8,0,0
BRDA:85,8,1,0
BRDA:86,9,0,0
BRDA:86,9,1,0
BRDA:89,10,0,0
BRDA:89,10,1,0
BRDA:89,11,0,0
BRDA:89,11,1,0
BRDA:89,12,0,0
BRDA:89,12,1,0
BRF:22
BRH:0
end_of_record
TN:
SF:src\components\order-info\order-info.tsx
FN:11,(anonymous_2)
FN:16,(anonymous_3)
FN:17,(anonymous_4)
FN:18,(anonymous_5)
FN:19,(anonymous_6)
FN:20,(anonymous_7)
FN:22,(anonymous_8)
FN:25,(anonymous_9)
FN:31,(anonymous_10)
FN:47,(anonymous_11)
FN:53,(anonymous_12)
FN:56,(anonymous_13)
FN:62,(anonymous_14)
FN:74,(anonymous_15)
FN:76,(anonymous_16)
FN:93,(anonymous_17)
FNF:16
FNH:0
FNDA:0,(anonymous_2)
FNDA:0,(anonymous_3)
FNDA:0,(anonymous_4)
FNDA:0,(anonymous_5)
FNDA:0,(anonymous_6)
FNDA:0,(anonymous_7)
FNDA:0,(anonymous_8)
FNDA:0,(anonymous_9)
FNDA:0,(anonymous_10)
FNDA:0,(anonymous_11)
FNDA:0,(anonymous_12)
FNDA:0,(anonymous_13)
FNDA:0,(anonymous_14)
FNDA:0,(anonymous_15)
FNDA:0,(anonymous_16)
FNDA:0,(anonymous_17)
DA:1,0
DA:2,0
DA:3,0
DA:4,0
DA:5,0
DA:7,0
DA:8,0
DA:9,0
DA:11,0
DA:12,0
DA:13,0
DA:14,0
DA:16,0
DA:17,0
DA:18,0
DA:19,0
DA:20,0
DA:21,0
DA:22,0
DA:25,0
DA:26,0
DA:27,0
DA:31,0
DA:32,0
DA:33,0
DA:34,0
DA:35,0
DA:36,0
DA:47,0
DA:48,0
DA:50,0
DA:51,0
DA:53,0
DA:55,0
DA:56,0
DA:59,0
DA:62,0
DA:63,0
DA:64,0
DA:67,0
DA:73,0
DA:75,0
DA:76,0
DA:77,0
DA:78,0
DA:84,0
DA:87,0
DA:92,0
DA:93,0
DA:97,0
DA:105,0
DA:106,0
DA:109,0
LF:53
LH:0
BRDA:26,0,0,0
BRDA:26,1,0,0
BRDA:26,1,1,0
BRDA:33,2,0,0
BRDA:33,2,1,0
BRDA:33,3,0,0
BRDA:33,3,1,0
BRDA:33,3,2,0
BRDA:35,4,0,0
BRDA:35,5,0,0
BRDA:35,5,1,0
BRDA:35,5,2,0
BRDA:48,6,0,0
BRDA:51,7,0,0
BRDA:55,8,0,0
BRDA:63,9,0,0
BRDA:63,10,0,0
BRDA:63,10,1,0
BRDA:75,11,0,0
BRDA:75,11,1,0
BRDA:77,12,0,0
BRDA:105,13,0,0
BRDA:105,14,0,0
BRDA:105,14,1,0
BRDA:105,14,2,0
BRDA:105,14,3,0
BRF:26
BRH:0
end_of_record
TN:
SF:src\components\order-status\order-status.tsx
FN:11,(anonymous_0)
FNF:1
FNH:0
FNDA:0,(anonymous_0)
DA:3,0
DA:5,0
DA:11,0
DA:12,0
DA:13,0
DA:15,0
DA:16,0
DA:18,0
DA:19,0
DA:21,0
DA:24,0
LF:11
LH:0
BRDA:13,0,0,0
BRDA:13,0,1,0
BRDA:13,0,2,0
BRF:3
BRH:0
end_of_record
TN:
SF:src\components\orders-list\orders-list.tsx
FN:6,(anonymous_1)
FN:8,(anonymous_2)
FNF:2
FNH:0
FNDA:0,(anonymous_1)
FNDA:0,(anonymous_2)
DA:1,0
DA:4,0
DA:6,0
DA:7,0
DA:8,0
DA:11,0
LF:6
LH:0
BRF:0
BRH:0
end_of_record
TN:
SF:src\components\profile-menu\profile-menu.tsx
FN:5,(anonymous_0)
FN:8,(anonymous_1)
FNF:2
FNH:0
FNDA:0,(anonymous_0)
FNDA:0,(anonymous_1)
DA:2,0
DA:3,0
DA:5,0
DA:6,0
DA:8,0
DA:10,0
LF:6
LH:0
BRF:0
BRH:0
end_of_record
TN:
SF:src\components\protected-route\protected-route.tsx
FN:10,(anonymous_0)
FN:15,(anonymous_1)
FN:16,(anonymous_2)
FNF:3
FNH:0
FNDA:0,(anonymous_0)
FNDA:0,(anonymous_1)
FNDA:0,(anonymous_2)
DA:1,0
DA:2,0
DA:10,0
DA:11,0
DA:12,0
DA:14,0
DA:15,0
DA:16,0
DA:18,0
DA:20,0
DA:21,0
DA:24,0
DA:25,0
DA:28,0
DA:29,0
DA:30,0
DA:33,0
DA:36,0
LF:18
LH:0
BRDA:11,0,0,0
BRDA:11,0,1,0
BRDA:18,1,0,0
BRDA:18,1,1,0
BRDA:20,2,0,0
BRDA:24,3,0,0
BRDA:24,4,0,0
BRDA:24,4,1,0
BRDA:28,5,0,0
BRDA:28,6,0,0
BRDA:28,6,1,0
BRDA:29,7,0,0
BRDA:29,7,1,0
BRDA:29,8,0,0
BRDA:29,8,1,0
BRDA:29,9,0,0
BRDA:29,9,1,0
BRF:17
BRH:0
end_of_record
TN:
SF:src\components\ui\app-header\app-header.tsx
FN:19,(anonymous_1)
FN:31,(anonymous_2)
FN:44,(anonymous_3)
FN:66,(anonymous_4)
FNF:4
FNH:0
FNDA:0,(anonymous_1)
FNDA:0,(anonymous_2)
FNDA:0,(anonymous_3)
FNDA:0,(anonymous_4)
DA:2,0
DA:3,0
DA:4,0
DA:19,0
DA:20,0
DA:21,0
DA:22,0
DA:23,0
DA:24,0
DA:25,0
DA:31,0
DA:32,0
DA:44,0
DA:45,0
DA:66,0
DA:67,0
LF:16
LH:0
BRDA:32,0,0,0
BRDA:32,0,1,0
BRDA:45,1,0,0
BRDA:45,1,1,0
BRDA:67,2,0,0
BRDA:67,2,1,0
BRDA:73,3,0,0
BRDA:73,3,1,0
BRDA:77,4,0,0
BRDA:77,4,1,0
BRDA:77,4,2,0
BRF:11
BRH:0
end_of_record
TN:
SF:src\components\ui\burger-constructor\burger-constructor.tsx
FN:13,(anonymous_1)
FN:42,(anonymous_2)
FNF:2
FNH:0
FNDA:0,(anonymous_1)
FNDA:0,(anonymous_2)
DA:2,0
DA:7,0
DA:10,0
DA:11,0
DA:13,0
DA:14,0
DA:15,0
DA:16,0
DA:17,0
DA:18,0
DA:19,0
DA:20,0
DA:42,0
LF:13
LH:0
BRDA:22,0,0,0
BRDA:22,0,1,0
BRDA:40,1,0,0
BRDA:40,1,1,0
BRDA:59,2,0,0
BRDA:59,2,1,0
BRDA:90,3,0,0
BRDA:90,3,1,0
BRDA:96,4,0,0
BRDA:96,4,1,0
BRDA:99,5,0,0
BRDA:99,5,1,0
BRF:12
BRH:0
end_of_record
TN:
SF:src\components\ui\burger-constructor-element\burger-constructor-element.tsx
FN:9,(anonymous_1)
FNF:1
FNH:0
FNDA:0,(anonymous_1)
DA:1,0
DA:2,0
DA:3,0
DA:5,0
DA:7,0
DA:10,0
DA:11,0
DA:12,0
DA:13,0
DA:14,0
DA:15,0
DA:16,0
LF:12
LH:0
BRF:0
BRH:0
end_of_record
TN:
SF:src\components\ui\burger-ingredient\burger-ingredient.tsx
FN:12,(anonymous_1)
FN:15,(anonymous_2)
FN:22,(anonymous_3)
FNF:3
FNH:0
FNDA:0,(anonymous_1)
FNDA:0,(anonymous_2)
FNDA:0,(anonymous_3)
DA:1,0
DA:2,0
DA:3,0
DA:4,0
DA:11,0
DA:12,0
DA:13,0
DA:15,0
DA:16,0
DA:17,0
DA:18,0
DA:22,0
DA:23,0
DA:24,0
DA:28,0
LF:15
LH:0
BRDA:17,0,0,0
BRDA:23,1,0,0
BRDA:36,2,0,0
BRDA:36,2,1,0
BRF:4
BRH:0
end_of_record
TN:
SF:src\components\ui\burger-ingredients\burger-ingredients.tsx
FN:8,(anonymous_1)
FNF:1
FNH:0
FNDA:0,(anonymous_1)
DA:1,0
DA:2,0
DA:3,0
DA:5,0
DA:7,0
DA:9,0
DA:10,0
DA:11,0
DA:12,0
DA:13,0
DA:14,0
DA:15,0
DA:16,0
DA:17,0
DA:18,0
DA:19,0
DA:20,0
DA:21,0
DA:22,0
LF:19
LH:0
BRF:0
BRH:0
end_of_record
TN:
SF:src\components\ui\feed-info\feed-info.tsx
FN:8,(anonymous_1)
FN:28,(anonymous_2)
FN:32,(anonymous_3)
FN:45,(anonymous_4)
FNF:4
FNH:0
FNDA:0,(anonymous_1)
FNDA:0,(anonymous_2)
FNDA:0,(anonymous_3)
FNDA:0,(anonymous_4)
DA:1,0
DA:3,0
DA:7,0
DA:8,0
DA:9,0
DA:11,0
DA:28,0
DA:32,0
DA:45,0
LF:9
LH:0
BRDA:35,0,0,0
BRDA:35,0,1,0
BRF:2
BRH:0
end_of_record
TN:
SF:src\components\ui\ingredient-details\ingredient-details.tsx
FN:7,(anonymous_1)
FNF:1
FNH:0
FNDA:0,(anonymous_1)
DA:1,0
DA:2,0
DA:4,0
DA:6,0
DA:7,0
DA:9,0
DA:11,0
LF:7
LH:0
BRDA:37,0,0,0
BRDA:37,0,1,0
BRF:2
BRH:0
end_of_record
TN:
SF:src\components\ui\ingredients-category\ingredients-category.tsx
FN:10,(anonymous_1)
FN:26,(anonymous_2)
FNF:2
FNH:0
FNDA:0,(anonymous_1)
FNDA:0,(anonymous_2)
DA:1,0
DA:2,0
DA:4,0
DA:6,0
DA:12,0
DA:13,0
DA:14,0
DA:15,0
DA:16,0
DA:17,0
DA:20,0
DA:26,0
LF:12
LH:0
BRF:0
BRH:0
end_of_record
TN:
SF:src\components\ui\modal\modal.tsx
FN:8,(anonymous_1)
FN:10,(anonymous_2)
FN:16,(anonymous_3)
FNF:3
FNH:0
FNDA:0,(anonymous_1)
FNDA:0,(anonymous_2)
FNDA:0,(anonymous_3)
DA:1,0
DA:2,0
DA:3,0
DA:5,0
DA:7,0
DA:8,0
DA:9,0
DA:11,0
DA:12,0
DA:16,0
DA:17,0
DA:20,0
LF:12
LH:0
BRF:0
BRH:0
end_of_record
TN:
SF:src\components\ui\modal-overlay\modal-overlay.tsx
FN:4,(anonymous_1)
FN:5,(anonymous_2)
FNF:2
FNH:0
FNDA:0,(anonymous_1)
FNDA:0,(anonymous_2)
DA:1,0
DA:4,0
DA:5,0
DA:6,0
DA:7,0
DA:11,0
LF:6
LH:0
BRDA:6,0,0,0
BRF:1
BRH:0
end_of_record
TN:
SF:src\components\ui\order-card\order-card.tsx
FN:14,(anonymous_1)
FN:37,(anonymous_2)
FNF:2
FNH:0
FNDA:0,(anonymous_1)
FNDA:0,(anonymous_2)
DA:1,0
DA:2,0
DA:3,0
DA:8,0
DA:11,0
DA:13,0
DA:14,0
DA:38,0
DA:39,0
DA:40,0
LF:10
LH:0
BRDA:32,0,0,0
BRDA:32,0,1,0
BRDA:49,1,0,0
BRDA:49,1,1,0
BRDA:49,2,0,0
BRDA:49,2,1,0
BRDA:57,3,0,0
BRDA:57,3,1,0
BRDA:61,4,0,0
BRDA:61,4,1,0
BRF:10
BRH:0
end_of_record
TN:
SF:src\components\ui\order-details\order-details.tsx
FN:6,(anonymous_1)
FNF:1
FNH:0
FNDA:0,(anonymous_1)
DA:2,0
DA:3,0
DA:6,0
DA:7,0
DA:8,0
LF:5
LH:0
BRF:0
BRH:0
end_of_record
TN:
SF:src\components\ui\order-info\order-info.tsx
FN:12,(anonymous_1)
FN:23,(anonymous_2)
FNF:2
FNH:0
FNDA:0,(anonymous_1)
FNDA:0,(anonymous_2)
DA:1,0
DA:2,0
DA:7,0
DA:10,0
DA:12,0
DA:23,0
LF:6
LH:0
BRF:0
BRH:0
end_of_record
TN:
SF:src\components\ui\order-status\order-status.tsx
FN:4,(anonymous_0)
FNF:1
FNH:0
FNDA:0,(anonymous_0)
DA:4,0
LF:1
LH:0
BRF:0
BRH:0
end_of_record
TN:
SF:src\components\ui\orders-list\orders-list.tsx
FN:6,(anonymous_1)
FN:8,(anonymous_2)
FNF:2
FNH:0
FNDA:0,(anonymous_1)
FNDA:0,(anonymous_2)
DA:2,0
DA:4,0
DA:6,0
DA:8,0
LF:4
LH:0
BRF:0
BRH:0
end_of_record
TN:
SF:src\components\ui\pages\constructor-page\constructor-page.tsx
FN:9,(anonymous_1)
FNF:1
FNH:0
FNDA:0,(anonymous_1)
DA:3,0
DA:6,0
DA:7,0
DA:9,0
DA:10,0
DA:11,0
LF:6
LH:0
BRDA:13,0,0,0
BRDA:13,0,1,0
BRF:2
BRH:0
end_of_record
TN:
SF:src\components\ui\pages\feed\feed.tsx
FN:8,(anonymous_1)
FNF:1
FNH:0
FNDA:0,(anonymous_1)
DA:1,0
DA:2,0
DA:4,0
DA:5,0
DA:7,0
DA:8,0
LF:6
LH:0
BRDA:8,0,0,0
BRDA:8,0,1,0
BRDA:8,1,0,0
BRDA:8,1,1,0
BRF:4
BRH:0
end_of_record
TN:
SF:src\components\ui\pages\forgot-password\forgot-password.tsx
FN:8,(anonymous_1)
FN:26,(anonymous_2)
FNF:2
FNH:0
FNDA:0,(anonymous_1)
FNDA:0,(anonymous_2)
DA:3,0
DA:4,0
DA:5,0
DA:8,0
DA:9,0
DA:10,0
DA:11,0
DA:12,0
DA:13,0
DA:26,0
LF:10
LH:0
BRDA:39,0,0,0
BRDA:39,0,1,0
BRF:2
BRH:0
end_of_record
TN:
SF:src\components\ui\pages\login\login.tsx
FN:11,(anonymous_1)
FN:32,(anonymous_2)
FN:42,(anonymous_3)
FNF:3
FNH:0
FNDA:0,(anonymous_1)
FNDA:0,(anonymous_2)
FNDA:0,(anonymous_3)
DA:2,0
DA:7,0
DA:8,0
DA:11,0
DA:12,0
DA:13,0
DA:14,0
DA:15,0
DA:16,0
DA:17,0
DA:18,0
DA:32,0
DA:42,0
LF:13
LH:0
BRDA:52,0,0,0
BRDA:52,0,1,0
BRF:2
BRH:0
end_of_record
TN:
SF:src\components\ui\pages\profile\profile.tsx
FN:10,(anonymous_1)
FNF:1
FNH:0
FNDA:0,(anonymous_1)
DA:3,0
DA:4,0
DA:5,0
DA:8,0
DA:10,0
DA:11,0
DA:12,0
DA:13,0
DA:14,0
DA:15,0
DA:16,0
DA:17,0
LF:12
LH:0
BRDA:66,0,0,0
BRDA:66,0,1,0
BRDA:81,1,0,0
BRDA:81,1,1,0
BRF:4
BRH:0
end_of_record
TN:
SF:src\components\ui\pages\profile-orders\profile-orders.tsx
FN:6,(anonymous_1)
FNF:1
FNH:0
FNDA:0,(anonymous_1)
DA:2,0
DA:4,0
DA:6,0
DA:7,0
DA:9,0
LF:5
LH:0
BRDA:7,0,0,0
BRDA:7,0,1,0
BRDA:7,1,0,0
BRDA:7,1,1,0
BRF:4
BRH:0
end_of_record
TN:
SF:src\components\ui\pages\register\register.tsx
FN:11,(anonymous_1)
FN:34,(anonymous_2)
FN:46,(anonymous_3)
FN:56,(anonymous_4)
FNF:4
FNH:0
FNDA:0,(anonymous_1)
FNDA:0,(anonymous_2)
FNDA:0,(anonymous_3)
FNDA:0,(anonymous_4)
DA:2,0
DA:7,0
DA:8,0
DA:11,0
DA:12,0
DA:13,0
DA:14,0
DA:15,0
DA:16,0
DA:17,0
DA:18,0
DA:19,0
DA:20,0
DA:34,0
DA:46,0
DA:56,0
LF:16
LH:0
BRDA:66,0,0,0
BRDA:66,0,1,0
BRF:2
BRH:0
end_of_record
TN:
SF:src\components\ui\pages\reset-password\reset-password.tsx
FN:11,(anonymous_1)
FN:29,(anonymous_2)
FN:38,(anonymous_3)
FNF:3
FNH:0
FNDA:0,(anonymous_1)
FNDA:0,(anonymous_2)
FNDA:0,(anonymous_3)
DA:2,0
DA:7,0
DA:8,0
DA:11,0
DA:12,0
DA:13,0
DA:14,0
DA:15,0
DA:16,0
DA:17,0
DA:18,0
DA:29,0
DA:38,0
LF:13
LH:0
BRDA:51,0,0,0
BRDA:51,0,1,0
BRF:2
BRH:0
end_of_record
TN:
SF:src\components\ui\preloader\preloader.tsx
FN:4,(anonymous_1)
FNF:1
FNH:0
FNDA:0,(anonymous_1)
DA:2,0
DA:4,0
LF:2
LH:0
BRF:0
BRH:0
end_of_record
TN:
SF:src\components\ui\profile-menu\profile-menu.tsx
FN:6,(anonymous_1)
FN:13,(anonymous_2)
FN:24,(anonymous_3)
FNF:3
FNH:0
FNDA:0,(anonymous_1)
FNDA:0,(anonymous_2)
FNDA:0,(anonymous_3)
DA:2,0
DA:3,0
DA:6,0
DA:7,0
DA:8,0
DA:9,0
DA:13,0
DA:14,0
DA:24,0
DA:25,0
LF:10
LH:0
BRDA:16,0,0,0
BRDA:16,0,1,0
BRDA:27,1,0,0
BRDA:27,1,1,0
BRDA:39,2,0,0
BRDA:39,2,1,0
BRF:6
BRH:0
end_of_record
TN:
SF:src\hooks\useForm.ts
FN:3,useForm
FN:6,(anonymous_3)
FN:8,(anonymous_4)
FN:14,(anonymous_5)
FN:18,(anonymous_6)
FN:19,(anonymous_7)
FNF:6
FNH:0
FNDA:0,useForm
FNDA:0,(anonymous_3)
FNDA:0,(anonymous_4)
FNDA:0,(anonymous_5)
FNDA:0,(anonymous_6)
FNDA:0,(anonymous_7)
DA:1,0
DA:3,0
DA:4,0
DA:6,0
DA:7,0
DA:8,0
DA:14,0
DA:15,0
DA:18,0
DA:19,0
DA:25,0
LF:11
LH:0
BRF:0
BRH:0
end_of_record
TN:
SF:src\pages\constructor-page\constructor-page.tsx
FN:8,(anonymous_1)
FN:10,(anonymous_2)
FNF:2
FNH:0
FNDA:0,(anonymous_1)
FNDA:0,(anonymous_2)
DA:1,0
DA:2,0
DA:3,0
DA:4,0
DA:5,0
DA:8,0
DA:9,0
DA:10,0
DA:13,0
LF:9
LH:0
BRDA:15,0,0,0
BRDA:15,0,1,0
BRF:2
BRH:0
end_of_record
TN:
SF:src\pages\feed\feed.tsx
FN:7,(anonymous_0)
FN:11,(anonymous_1)
FN:14,(anonymous_2)
FN:31,(anonymous_3)
FN:57,(anonymous_4)
FNF:5
FNH:0
FNDA:0,(anonymous_0)
FNDA:0,(anonymous_1)
FNDA:0,(anonymous_2)
FNDA:0,(anonymous_3)
FNDA:0,(anonymous_4)
DA:1,0
DA:2,0
DA:3,0
DA:4,0
DA:5,0
DA:7,0
DA:8,0
DA:10,0
DA:11,0
DA:14,0
DA:15,0
DA:18,0
DA:19,0
DA:22,0
DA:23,0
DA:31,0
DA:46,0
DA:47,0
DA:54,0
DA:57,0
LF:20
LH:0
BRDA:18,0,0,0
BRDA:22,1,0,0
BRDA:46,2,0,0
BRDA:46,3,0,0
BRDA:46,3,1,0
BRF:5
BRH:0
end_of_record
TN:
SF:src\pages\forgot-password\forgot-password.tsx
FN:7,(anonymous_0)
FN:13,(anonymous_1)
FN:18,(anonymous_2)
FN:22,(anonymous_3)
FNF:4
FNH:0
FNDA:0,(anonymous_0)
FNDA:0,(anonymous_1)
FNDA:0,(anonymous_2)
FNDA:0,(anonymous_3)
DA:1,0
DA:2,0
DA:4,0
DA:5,0
DA:7,0
DA:8,0
DA:9,0
DA:11,0
DA:13,0
DA:14,0
DA:16,0
DA:17,0
DA:19,0
DA:20,0
DA:22,0
DA:25,0
LF:16
LH:0
BRDA:27,0,0,0
BRDA:27,0,1,0
BRDA:27,1,0,0
BRDA:27,1,1,0
BRF:4
BRH:0
end_of_record
TN:
SF:src\pages\login\login.tsx
FN:9,(anonymous_0)
FN:19,(anonymous_1)
FN:22,(anonymous_2)
FN:28,(anonymous_3)
FN:37,(anonymous_4)
FN:40,(anonymous_5)
FN:46,(anonymous_6)
FN:46,(anonymous_7)
FN:56,(anonymous_8)
FN:65,(anonymous_9)
FNF:10
FNH:0
FNDA:0,(anonymous_0)
FNDA:0,(anonymous_1)
FNDA:0,(anonymous_2)
FNDA:0,(anonymous_3)
FNDA:0,(anonymous_4)
FNDA:0,(anonymous_5)
FNDA:0,(anonymous_6)
FNDA:0,(anonymous_7)
FNDA:0,(anonymous_8)
FNDA:0,(anonymous_9)
DA:1,0
DA:2,0
DA:3,0
DA:4,0
DA:5,0
DA:6,0
DA:7,0
DA:9,0
DA:10,0
DA:15,0
DA:16,0
DA:17,0
DA:19,0
DA:20,0
DA:22,0
DA:23,0
DA:24,0
DA:28,0
DA:29,0
DA:31,0
DA:32,0
DA:35,0
DA:38,0
DA:41,0
DA:45,0
DA:46,0
DA:47,0
DA:52,0
DA:53,0
DA:56,0
DA:59,0
DA:60,0
DA:65,0
DA:69,0
DA:70,0
DA:75,0
LF:36
LH:0
BRDA:20,0,0,0
BRDA:20,0,1,0
BRDA:20,1,0,0
BRDA:20,1,1,0
BRDA:20,2,0,0
BRDA:20,2,1,0
BRDA:23,3,0,0
BRDA:31,4,0,0
BRDA:31,5,0,0
BRDA:31,5,1,0
BRDA:52,6,0,0
BRDA:59,7,0,0
BRDA:59,7,1,0
BRDA:69,8,0,0
BRDA:69,8,1,0
BRDA:77,9,0,0
BRDA:77,9,1,0
BRF:17
BRH:0
end_of_record
TN:
SF:src\pages\not-fount-404\not-fount-404.tsx
FN:3,(anonymous_0)
FNF:1
FNH:0
FNDA:0,(anonymous_0)
DA:3,0
LF:1
LH:0
BRF:0
BRH:0
end_of_record
TN:
SF:src\pages\profile\profile.tsx
FN:7,(anonymous_0)
FN:9,(anonymous_1)
FN:22,(anonymous_2)
FN:35,(anonymous_3)
FN:48,(anonymous_4)
FN:51,(anonymous_5)
FN:56,(anonymous_6)
FNF:7
FNH:0
FNDA:0,(anonymous_0)
FNDA:0,(anonymous_1)
FNDA:0,(anonymous_2)
FNDA:0,(anonymous_3)
FNDA:0,(anonymous_4)
FNDA:0,(anonymous_5)
FNDA:0,(anonymous_6)
DA:1,0
DA:2,0
DA:3,0
DA:4,0
DA:5,0
DA:7,0
DA:8,0
DA:9,0
DA:12,0
DA:13,0
DA:14,0
DA:15,0
DA:16,0
DA:22,0
DA:23,0
DA:31,0
DA:35,0
DA:36,0
DA:38,0
DA:40,0
DA:42,0
DA:43,0
DA:44,0
DA:46,0
DA:49,0
DA:52,0
DA:56,0
DA:57,0
DA:58,0
DA:65,0
DA:66,0
DA:69,0
LF:32
LH:0
BRDA:17,0,0,0
BRDA:17,0,1,0
BRDA:17,1,0,0
BRDA:17,1,1,0
BRDA:17,2,0,0
BRDA:17,2,1,0
BRDA:18,3,0,0
BRDA:18,3,1,0
BRDA:18,4,0,0
BRDA:18,4,1,0
BRDA:18,5,0,0
BRDA:18,5,1,0
BRDA:24,6,0,0
BRDA:24,6,1,0
BRDA:24,7,0,0
BRDA:24,7,1,0
BRDA:24,8,0,0
BRDA:24,8,1,0
BRDA:25,9,0,0
BRDA:25,9,1,0
BRDA:25,10,0,0
BRDA:25,10,1,0
BRDA:25,11,0,0
BRDA:25,11,1,0
BRDA:31,12,0,0
BRDA:31,12,1,0
BRDA:31,12,2,0
BRDA:31,13,0,0
BRDA:31,13,1,0
BRDA:31,14,0,0
BRDA:31,14,1,0
BRDA:32,15,0,0
BRDA:32,15,1,0
BRDA:32,16,0,0
BRDA:32,16,1,0
BRDA:38,17,0,0
BRDA:42,18,0,0
BRDA:42,19,0,0
BRDA:42,19,1,0
BRDA:42,20,0,0
BRDA:42,20,1,0
BRDA:43,21,0,0
BRDA:43,22,0,0
BRDA:43,22,1,0
BRDA:43,23,0,0
BRDA:43,23,1,0
BRDA:44,24,0,0
BRDA:59,25,0,0
BRDA:59,25,1,0
BRDA:59,26,0,0
BRDA:59,26,1,0
BRDA:59,27,0,0
BRDA:59,27,1,0
BRDA:60,28,0,0
BRDA:60,28,1,0
BRDA:60,29,0,0
BRDA:60,29,1,0
BRDA:60,30,0,0
BRDA:60,30,1,0
BRDA:65,31,0,0
BRF:60
BRH:0
end_of_record
TN:
SF:src\pages\profile-orders\profile-orders.tsx
FN:7,(anonymous_0)
FN:9,(anonymous_1)
FN:11,(anonymous_2)
FN:16,(anonymous_3)
FNF:4
FNH:0
FNDA:0,(anonymous_0)
FNDA:0,(anonymous_1)
FNDA:0,(anonymous_2)
FNDA:0,(anonymous_3)
DA:1,0
DA:2,0
DA:3,0
DA:4,0
DA:5,0
DA:7,0
DA:8,0
DA:9,0
DA:11,0
DA:12,0
DA:13,0
DA:16,0
DA:17,0
DA:23,0
DA:24,0
DA:25,0
DA:28,0
DA:29,0
DA:30,0
DA:33,0
DA:34,0
DA:35,0
DA:38,0
DA:40,0
LF:24
LH:0
BRDA:23,0,0,0
BRDA:23,1,0,0
BRDA:23,1,1,0
BRDA:28,2,0,0
BRDA:33,3,0,0
BRF:5
BRH:0
end_of_record
TN:
SF:src\pages\register\register.tsx
FN:9,(anonymous_0)
FN:19,(anonymous_1)
FN:21,(anonymous_2)
FN:27,(anonymous_3)
FN:42,(anonymous_4)
FN:45,(anonymous_5)
FN:50,(anonymous_6)
FN:60,(anonymous_7)
FN:69,(anonymous_8)
FN:80,(anonymous_9)
FN:80,(anonymous_10)
FNF:11
FNH:0
FNDA:0,(anonymous_0)
FNDA:0,(anonymous_1)
FNDA:0,(anonymous_2)
FNDA:0,(anonymous_3)
FNDA:0,(anonymous_4)
FNDA:0,(anonymous_5)
FNDA:0,(anonymous_6)
FNDA:0,(anonymous_7)
FNDA:0,(anonymous_8)
FNDA:0,(anonymous_9)
FNDA:0,(anonymous_10)
DA:1,0
DA:2,0
DA:3,0
DA:4,0
DA:5,0
DA:6,0
DA:7,0
DA:9,0
DA:10,0
DA:16,0
DA:17,0
DA:19,0
DA:21,0
DA:22,0
DA:23,0
DA:27,0
DA:28,0
DA:30,0
DA:31,0
DA:34,0
DA:43,0
DA:46,0
DA:50,0
DA:54,0
DA:55,0
DA:60,0
DA:63,0
DA:64,0
DA:69,0
DA:73,0
DA:74,0
DA:79,0
DA:80,0
DA:81,0
DA:86,0
DA:87,0
DA:90,0
LF:37
LH:0
BRDA:22,0,0,0
BRDA:30,1,0,0
BRDA:30,2,0,0
BRDA:30,2,1,0
BRDA:30,2,2,0
BRDA:54,3,0,0
BRDA:54,3,1,0
BRDA:63,4,0,0
BRDA:63,4,1,0
BRDA:73,5,0,0
BRDA:73,5,1,0
BRDA:86,6,0,0
BRDA:92,7,0,0
BRDA:92,7,1,0
BRF:14
BRH:0
end_of_record
TN:
SF:src\pages\reset-password\reset-password.tsx
FN:7,(anonymous_0)
FN:13,(anonymous_1)
FN:17,(anonymous_2)
FN:21,(anonymous_3)
FN:24,(anonymous_4)
FNF:5
FNH:0
FNDA:0,(anonymous_0)
FNDA:0,(anonymous_1)
FNDA:0,(anonymous_2)
FNDA:0,(anonymous_3)
FNDA:0,(anonymous_4)
DA:1,0
DA:2,0
DA:4,0
DA:5,0
DA:7,0
DA:8,0
DA:9,0
DA:10,0
DA:11,0
DA:13,0
DA:14,0
DA:15,0
DA:16,0
DA:18,0
DA:19,0
DA:21,0
DA:24,0
DA:25,0
DA:26,0
DA:30,0
LF:20
LH:0
BRDA:25,0,0,0
BRDA:32,1,0,0
BRDA:32,1,1,0
BRDA:32,2,0,0
BRDA:32,2,1,0
BRF:5
BRH:0
end_of_record
TN:
SF:src\services\store.ts
FN:20,(anonymous_0)
FNF:1
FNH:0
FNDA:0,(anonymous_0)
DA:1,0
DA:2,0
DA:4,0
DA:10,0
DA:15,0
DA:20,0
DA:21,0
DA:23,0
LF:8
LH:0
BRF:0
BRH:0
end_of_record
TN:
SF:src\services\ingredients\ingredients-slice.ts
FN:23,(anonymous_13)
FN:46,(anonymous_16)
FN:48,(anonymous_17)
FN:53,(anonymous_18)
FN:63,(anonymous_19)
FN:75,(anonymous_20)
FN:78,(anonymous_21)
FN:82,(anonymous_22)
FN:87,(anonymous_23)
FN:88,(anonymous_24)
FN:88,(anonymous_25)
FN:92,(anonymous_26)
FN:93,(anonymous_27)
FN:93,(anonymous_28)
FN:97,(anonymous_29)
FN:98,(anonymous_30)
FN:98,(anonymous_31)
FNF:17
FNH:4
FNDA:0,(anonymous_13)
FNDA:2,(anonymous_16)
FNDA:2,(anonymous_17)
FNDA:3,(anonymous_18)
FNDA:3,(anonymous_19)
FNDA:0,(anonymous_20)
FNDA:0,(anonymous_21)
FNDA:0,(anonymous_22)
FNDA:0,(anonymous_23)
FNDA:0,(anonymous_24)
FNDA:0,(anonymous_25)
FNDA:0,(anonymous_26)
FNDA:0,(anonymous_27)
FNDA:0,(anonymous_28)
FNDA:0,(anonymous_29)
FNDA:0,(anonymous_30)
FNDA:0,(anonymous_31)
DA:1,2
DA:6,2
DA:15,2
DA:21,2
DA:23,0
DA:24,0
DA:27,0
DA:28,0
DA:29,0
DA:30,0
DA:31,0
DA:32,0
DA:34,0
DA:36,0
DA:37,0
DA:42,2
DA:47,2
DA:49,2
DA:50,2
DA:51,2
DA:54,3
DA:55,3
DA:56,3
DA:58,3
DA:59,3
DA:61,3
DA:64,3
DA:65,3
DA:67,3
DA:68,3
DA:73,2
DA:75,2
DA:76,0
DA:78,2
DA:80,0
DA:82,2
DA:84,0
DA:86,2
DA:87,0
DA:88,0
DA:91,2
DA:92,0
DA:93,0
DA:96,2
DA:97,0
DA:98,0
LF:46
LH:26
BRDA:32,0,0,0
BRDA:32,0,1,0
BRDA:32,1,0,0
BRDA:32,1,1,0
BRDA:32,2,0,0
BRDA:32,2,1,0
BRDA:56,3,0,3
BRDA:56,3,1,1
BRDA:56,4,0,0
BRDA:56,4,1,3
BRDA:56,5,0,3
BRDA:56,5,1,3
BRDA:68,6,0,3
BRDA:68,6,1,1
BRF:14
BRH:7
end_of_record
TN:
SF:src\services\slices\auth-slice.ts
FN:43,(anonymous_13)
FN:70,(anonymous_16)
FN:95,(anonymous_19)
FN:128,(anonymous_22)
FN:149,(anonymous_25)
FN:166,(anonymous_28)
FN:180,(anonymous_31)
FN:196,(anonymous_34)
FN:200,(anonymous_35)
FN:203,(anonymous_36)
FN:207,(anonymous_37)
FN:209,(anonymous_38)
FN:213,(anonymous_39)
FN:220,(anonymous_40)
FN:227,(anonymous_41)
FN:231,(anonymous_42)
FN:237,(anonymous_43)
FN:241,(anonymous_44)
FN:245,(anonymous_45)
FN:251,(anonymous_46)
FN:255,(anonymous_47)
FN:258,(anonymous_48)
FN:264,(anonymous_49)
FN:270,(anonymous_50)
FNF:24
FNH:1
FNDA:0,(anonymous_13)
FNDA:0,(anonymous_16)
FNDA:0,(anonymous_19)
FNDA:0,(anonymous_22)
FNDA:0,(anonymous_25)
FNDA:0,(anonymous_28)
FNDA:0,(anonymous_31)
FNDA:0,(anonymous_34)
FNDA:0,(anonymous_35)
FNDA:0,(anonymous_36)
FNDA:1,(anonymous_37)
FNDA:0,(anonymous_38)
FNDA:0,(anonymous_39)
FNDA:0,(anonymous_40)
FNDA:0,(anonymous_41)
FNDA:0,(anonymous_42)
FNDA:0,(anonymous_43)
FNDA:0,(anonymous_44)
FNDA:0,(anonymous_45)
FNDA:0,(anonymous_46)
FNDA:0,(anonymous_47)
FNDA:0,(anonymous_48)
FNDA:0,(anonymous_49)
FNDA:0,(anonymous_50)
DA:1,1
DA:3,1
DA:12,1
DA:33,1
DA:41,1
DA:43,0
DA:45,0
DA:47,0
DA:48,0
DA:49,0
DA:52,0
DA:53,0
DA:54,0
DA:55,0
DA:57,0
DA:58,0
DA:59,0
DA:61,0
DA:63,0
DA:68,1
DA:70,0
DA:72,0
DA:73,0
DA:75,0
DA:76,0
DA:77,0
DA:78,0
DA:79,0
DA:80,0
DA:83,0
DA:85,0
DA:86,0
DA:88,0
DA:93,1
DA:95,0
DA:97,0
DA:98,0
DA:100,0
DA:102,0
DA:103,0
DA:104,0
DA:105,0
DA:106,0
DA:108,0
DA:109,0
DA:111,0
DA:113,0
DA:116,0
DA:118,0
DA:119,0
DA:121,0
DA:126,1
DA:128,0
DA:130,0
DA:131,0
DA:132,0
DA:133,0
DA:134,0
DA:135,0
DA:137,0
DA:138,0
DA:139,0
DA:140,0
DA:142,0
DA:147,1
DA:149,0
DA:151,0
DA:152,0
DA:153,0
DA:154,0
DA:156,0
DA:157,0
DA:159,0
DA:164,1
DA:166,0
DA:168,0
DA:169,0
DA:171,0
DA:173,0
DA:178,1
DA:180,0
DA:182,0
DA:183,0
DA:185,0
DA:187,0
DA:192,1
DA:197,0
DA:198,0
DA:201,0
DA:204,0
DA:208,1
DA:210,0
DA:211,0
DA:214,0
DA:215,0
DA:216,0
DA:217,0
DA:218,0
DA:221,0
DA:222,0
DA:223,0
DA:224,0
DA:225,0
DA:228,0
DA:229,0
DA:232,0
DA:233,0
DA:234,0
DA:235,0
DA:238,0
DA:239,0
DA:242,0
DA:243,0
DA:246,0
DA:247,0
DA:248,0
DA:249,0
DA:252,0
DA:253,0
DA:256,0
DA:259,0
DA:260,0
DA:261,0
DA:262,0
DA:265,0
DA:266,0
DA:267,0
DA:268,0
DA:271,0
DA:276,1
DA:277,1
LF:131
LH:15
BRDA:47,0,0,0
BRDA:62,1,0,0
BRDA:62,1,1,0
BRDA:75,2,0,0
BRDA:87,3,0,0
BRDA:87,3,1,0
BRDA:102,4,0,0
BRDA:120,5,0,0
BRDA:120,5,1,0
BRDA:141,6,0,0
BRDA:141,6,1,0
BRDA:158,7,0,0
BRDA:158,7,1,0
BRDA:172,8,0,0
BRDA:172,8,1,0
BRDA:186,9,0,0
BRDA:186,9,1,0
BRF:17
BRH:0
end_of_record
TN:
SF:src\services\slices\burger-constructor-slice.ts
FN:18,(anonymous_2)
FN:21,(anonymous_3)
FN:28,(anonymous_4)
FN:30,(anonymous_5)
FN:33,(anonymous_6)
FN:41,(anonymous_7)
FNF:6
FNH:6
FNDA:4,(anonymous_2)
FNDA:20,(anonymous_3)
FNDA:3,(anonymous_4)
FNDA:6,(anonymous_5)
FNDA:3,(anonymous_6)
FNDA:1,(anonymous_7)
DA:1,2
DA:9,2
DA:14,2
DA:19,4
DA:22,20
DA:26,20
DA:29,3
DA:30,6
DA:37,3
DA:38,3
DA:39,3
DA:42,1
DA:43,1
DA:49,2
DA:56,2
LF:15
LH:15
BRF:0
BRH:0
end_of_record
TN:
SF:src\services\slices\feed-slice.ts
FN:23,(anonymous_13)
FN:52,(anonymous_16)
FN:54,(anonymous_17)
FN:58,(anonymous_18)
FN:69,(anonymous_19)
FNF:5
FNH:1
FNDA:0,(anonymous_13)
FNDA:1,(anonymous_16)
FNDA:0,(anonymous_17)
FNDA:0,(anonymous_18)
FNDA:0,(anonymous_19)
DA:1,1
DA:2,1
DA:13,1
DA:21,1
DA:23,0
DA:25,0
DA:26,0
DA:27,0
DA:29,0
DA:30,0
DA:36,0
DA:38,0
DA:39,0
DA:43,0
DA:48,1
DA:53,1
DA:55,0
DA:56,0
DA:59,0
DA:60,0
DA:61,0
DA:62,0
DA:63,0
DA:70,0
DA:71,0
DA:76,1
LF:26
LH:7
BRDA:29,0,0,0
BRDA:29,1,0,0
BRDA:29,1,1,0
BRDA:31,2,0,0
BRDA:31,2,1,0
BRDA:32,3,0,0
BRDA:32,3,1,0
BRDA:33,4,0,0
BRDA:33,4,1,0
BRDA:40,5,0,0
BRDA:40,5,1,0
BRF:11
BRH:0
end_of_record
TN:
SF:src\services\slices\order-slice.ts
FN:20,(anonymous_13)
FN:46,(anonymous_16)
FN:52,(anonymous_17)
FN:54,(anonymous_18)
FN:58,(anonymous_19)
FN:63,(anonymous_20)
FNF:6
FNH:1
FNDA:0,(anonymous_13)
FNDA:0,(anonymous_16)
FNDA:1,(anonymous_17)
FNDA:0,(anonymous_18)
FNDA:0,(anonymous_19)
FNDA:0,(anonymous_20)
DA:1,1
DA:2,1
DA:11,1
DA:18,1
DA:20,0
DA:22,0
DA:23,0
DA:24,0
DA:26,0
DA:27,0
DA:32,0
DA:34,0
DA:35,0
DA:37,0
DA:42,1
DA:47,0
DA:48,0
DA:49,0
DA:53,1
DA:55,0
DA:56,0
DA:59,0
DA:60,0
DA:61,0
DA:64,0
DA:65,0
DA:70,1
DA:71,1
LF:28
LH:8
BRDA:26,0,0,0
BRDA:29,1,0,0
BRDA:29,1,1,0
BRDA:36,2,0,0
BRDA:36,2,1,0
BRF:5
BRH:0
end_of_record
TN:
SF:src\services\slices\orders-slice.ts
FN:19,(anonymous_14)
FN:28,(anonymous_17)
FN:47,(anonymous_18)
FN:50,(anonymous_19)
FN:54,(anonymous_20)
FN:56,(anonymous_21)
FN:60,(anonymous_22)
FN:65,(anonymous_23)
FNF:8
FNH:1
FNDA:0,(anonymous_14)
FNDA:0,(anonymous_17)
FNDA:0,(anonymous_18)
FNDA:0,(anonymous_19)
FNDA:1,(anonymous_20)
FNDA:0,(anonymous_21)
FNDA:0,(anonymous_22)
FNDA:0,(anonymous_23)
DA:1,1
DA:2,1
DA:11,1
DA:17,1
DA:19,0
DA:21,0
DA:22,0
DA:23,0
DA:25,0
DA:26,0
DA:27,0
DA:29,0
DA:31,0
DA:33,0
DA:35,0
DA:36,0
DA:38,0
DA:43,1
DA:48,0
DA:51,0
DA:55,1
DA:57,0
DA:58,0
DA:61,0
DA:62,0
DA:63,0
DA:66,0
DA:67,0
DA:72,1
DA:73,1
LF:30
LH:8
BRDA:25,0,0,0
BRDA:25,1,0,0
BRDA:25,1,1,0
BRDA:25,1,2,0
BRDA:37,2,0,0
BRDA:37,2,1,0
BRF:6
BRH:0
end_of_record
TN:
SF:src\utils\burger-api.ts
FN:7,(anonymous_13)
FN:8,(anonymous_14)
FN:19,(anonymous_15)
FN:29,(anonymous_16)
FN:30,(anonymous_17)
FN:39,(anonymous_18)
FN:41,(anonymous_19)
FN:75,(anonymous_21)
FN:77,(anonymous_22)
FN:78,(anonymous_23)
FN:83,(anonymous_24)
FN:85,(anonymous_25)
FN:86,(anonymous_26)
FN:91,(anonymous_27)
FN:109,(anonymous_28)
FN:123,(anonymous_29)
FN:134,(anonymous_30)
FN:140,(anonymous_31)
FN:154,(anonymous_32)
FN:162,(anonymous_33)
FN:163,(anonymous_34)
FN:173,(anonymous_35)
FN:181,(anonymous_36)
FN:182,(anonymous_37)
FN:187,(anonymous_38)
FN:195,(anonymous_39)
FN:196,(anonymous_40)
FN:201,(anonymous_41)
FN:209,(anonymous_42)
FN:210,(anonymous_43)
FN:217,(anonymous_44)
FN:226,(anonymous_45)
FN:239,(anonymous_46)
FN:248,(anonymous_47)
FNF:34
FNH:0
FNDA:0,(anonymous_13)
FNDA:0,(anonymous_14)
FNDA:0,(anonymous_15)
FNDA:0,(anonymous_16)
FNDA:0,(anonymous_17)
FNDA:0,(anonymous_18)
FNDA:0,(anonymous_19)
FNDA:0,(anonymous_21)
FNDA:0,(anonymous_22)
FNDA:0,(anonymous_23)
FNDA:0,(anonymous_24)
FNDA:0,(anonymous_25)
FNDA:0,(anonymous_26)
FNDA:0,(anonymous_27)
FNDA:0,(anonymous_28)
FNDA:0,(anonymous_29)
FNDA:0,(anonymous_30)
FNDA:0,(anonymous_31)
FNDA:0,(anonymous_32)
FNDA:0,(anonymous_33)
FNDA:0,(anonymous_34)
FNDA:0,(anonymous_35)
FNDA:0,(anonymous_36)
FNDA:0,(anonymous_37)
FNDA:0,(anonymous_38)
FNDA:0,(anonymous_39)
FNDA:0,(anonymous_40)
FNDA:0,(anonymous_41)
FNDA:0,(anonymous_42)
FNDA:0,(anonymous_43)
FNDA:0,(anonymous_44)
FNDA:0,(anonymous_45)
FNDA:0,(anonymous_46)
FNDA:0,(anonymous_47)
DA:1,2
DA:4,2
DA:5,2
DA:7,2
DA:8,0
DA:19,2
DA:20,0
DA:29,0
DA:31,0
DA:32,0
DA:34,0
DA:35,0
DA:36,0
DA:39,2
DA:41,0
DA:44,0
DA:45,0
DA:47,0
DA:48,0
DA:49,0
DA:50,0
DA:53,0
DA:54,0
DA:56,0
DA:75,2
DA:76,0
DA:77,0
DA:79,0
DA:80,0
DA:83,2
DA:84,0
DA:85,0
DA:87,0
DA:88,0
DA:91,2
DA:92,0
DA:93,0
DA:95,0
DA:109,2
DA:110,0
DA:111,0
DA:112,0
DA:114,0
DA:124,0
DA:125,0
DA:126,0
DA:134,2
DA:135,0
DA:140,0
DA:154,2
DA:155,0
DA:162,0
DA:164,0
DA:165,0
DA:173,2
DA:174,0
DA:181,0
DA:183,0
DA:184,0
DA:187,2
DA:188,0
DA:195,0
DA:197,0
DA:198,0
DA:201,2
DA:202,0
DA:209,0
DA:211,0
DA:212,0
DA:217,2
DA:218,0
DA:219,0
DA:226,2
DA:227,0
DA:228,0
DA:229,0
DA:239,2
DA:240,0
DA:248,0
LF:79
LH:18
BRDA:8,0,0,0
BRDA:8,0,1,0
BRDA:31,1,0,0
BRDA:45,2,0,0
BRDA:45,2,1,0
BRDA:45,2,2,0
BRDA:47,3,0,0
BRDA:49,4,0,0
BRDA:79,5,0,0
BRDA:79,6,0,0
BRDA:79,6,1,0
BRDA:79,7,0,0
BRDA:79,7,1,0
BRDA:87,8,0,0
BRDA:87,9,0,0
BRDA:87,9,1,0
BRDA:87,10,0,0
BRDA:87,10,1,0
BRDA:99,11,0,0
BRDA:99,11,1,0
BRDA:118,12,0,0
BRDA:118,12,1,0
BRDA:125,13,0,0
BRDA:125,14,0,0
BRDA:125,14,1,0
BRDA:125,15,0,0
BRDA:125,15,1,0
BRDA:164,16,0,0
BRDA:164,17,0,0
BRDA:164,17,1,0
BRDA:164,18,0,0
BRDA:164,18,1,0
BRDA:183,19,0,0
BRDA:183,20,0,0
BRDA:183,20,1,0
BRDA:183,21,0,0
BRDA:183,21,1,0
BRDA:197,22,0,0
BRDA:197,23,0,0
BRDA:197,23,1,0
BRDA:197,24,0,0
BRDA:197,24,1,0
BRDA:211,25,0,0
BRDA:211,26,0,0
BRDA:211,26,1,0
BRDA:211,27,0,0
BRDA:211,27,1,0
BRDA:221,28,0,0
BRDA:221,28,1,0
BRDA:233,29,0,0
BRDA:233,29,1,0
BRF:51
BRH:0
end_of_record
TN:
SF:src\utils\cookie.ts
FN:1,getCookie
FN:13,setCookie
FN:45,deleteCookie
FNF:3
FNH:0
FNDA:0,getCookie
FNDA:0,setCookie
FNDA:0,deleteCookie
DA:1,2
DA:2,0
DA:10,0
DA:13,2
DA:16,0
DA:18,0
DA:23,0
DA:24,0
DA:25,0
DA:26,0
DA:27,0
DA:30,0
DA:31,0
DA:33,0
DA:34,0
DA:35,0
DA:36,0
DA:37,0
DA:38,0
DA:39,0
DA:42,0
DA:45,2
DA:46,0
LF:23
LH:3
BRDA:10,0,0,0
BRDA:10,0,1,0
BRDA:16,1,0,0
BRDA:24,2,0,0
BRDA:24,3,0,0
BRDA:24,3,1,0
BRDA:30,4,0,0
BRDA:30,5,0,0
BRDA:30,5,1,0
BRDA:38,6,0,0
BRF:10
BRH:0
end_of_record
